chengyunbang/jinan_yunshu/build/outputs/logs/manifest-merger-debug-report.txt
-- Merging decision tree log ---
manifest
ADDED from src\main\AndroidManifest.xml:1:1-46:12
INJECTED from src\main\AndroidManifest.xml:1:1-46:12
INJECTED from src\main\AndroidManifest.xml:1:1-46:12
INJECTED from src\main\AndroidManifest.xml:1:1-46:12
INJECTED from src\main\AndroidManifest.xml:1:1-46:12
INJECTED from src\main\AndroidManifest.xml:1:1-46:12
INJECTED from src\main\AndroidManifest.xml:1:1-46:12
	package
		ADDED from src\main\AndroidManifest.xml:2:5-43
		INJECTED from src\main\AndroidManifest.xml
		INJECTED from src\main\AndroidManifest.xml
	android:versionName
		INJECTED from src\main\AndroidManifest.xml
		ADDED from src\main\AndroidManifest.xml:1:1-46:12
		INJECTED from src\main\AndroidManifest.xml
	android:versionCode
		INJECTED from src\main\AndroidManifest.xml
		ADDED from src\main\AndroidManifest.xml:1:1-46:12
		INJECTED from src\main\AndroidManifest.xml
	xmlns:android
		ADDED from src\main\AndroidManifest.xml:1:11-69
application
ADDED from src\main\AndroidManifest.xml:4:1-44:15
activity#com.zt.capacity.jinan_yunshu.activity.MainActivity
ADDED from src\main\AndroidManifest.xml:7:9-9:61
	android:screenOrientation
		ADDED from src\main\AndroidManifest.xml:9:13-49
	android:name
		ADDED from src\main\AndroidManifest.xml:8:13-78
activity#com.zt.capacity.jinan_yunshu.activity.InstructionActivity
ADDED from src\main\AndroidManifest.xml:11:9-13:61
	android:screenOrientation
		ADDED from src\main\AndroidManifest.xml:13:13-49
	android:name
		ADDED from src\main\AndroidManifest.xml:12:13-85
activity#com.zt.capacity.jinan_yunshu.activity.WebViewActivity
ADDED from src\main\AndroidManifest.xml:15:9-17:61
	android:screenOrientation
		ADDED from src\main\AndroidManifest.xml:17:13-49
	android:name
		ADDED from src\main\AndroidManifest.xml:16:13-81
activity#com.zt.capacity.jinan_yunshu.activity.InputVehicleActivity
ADDED from src\main\AndroidManifest.xml:20:9-22:61
	android:screenOrientation
		ADDED from src\main\AndroidManifest.xml:22:13-49
	android:name
		ADDED from src\main\AndroidManifest.xml:21:13-86
activity#com.zt.capacity.jinan_yunshu.activity.ViolationQueryActivity
ADDED from src\main\AndroidManifest.xml:24:9-27:20
	android:screenOrientation
		ADDED from src\main\AndroidManifest.xml:26:13-49
	android:name
		ADDED from src\main\AndroidManifest.xml:25:13-88
activity#com.zt.capacity.jinan_yunshu.activity.NotificationActivity
ADDED from src\main\AndroidManifest.xml:29:9-32:20
	android:screenOrientation
		ADDED from src\main\AndroidManifest.xml:31:13-49
	android:name
		ADDED from src\main\AndroidManifest.xml:30:13-86
activity#com.zt.capacity.jinan_yunshu.activity.NotificationNoticeActivity
ADDED from src\main\AndroidManifest.xml:34:9-37:20
	android:screenOrientation
		ADDED from src\main\AndroidManifest.xml:36:13-49
	android:name
		ADDED from src\main\AndroidManifest.xml:35:13-92
activity#com.zt.capacity.jinan_yunshu.activity.MainMyActivity
ADDED from src\main\AndroidManifest.xml:39:9-42:20
	android:screenOrientation
		ADDED from src\main\AndroidManifest.xml:41:13-49
	android:name
		ADDED from src\main\AndroidManifest.xml:40:13-80
uses-sdk
INJECTED from src\main\AndroidManifest.xml reason: use-sdk injection requested
INJECTED from src\main\AndroidManifest.xml
INJECTED from src\main\AndroidManifest.xml
INJECTED from src\main\AndroidManifest.xml
INJECTED from src\main\AndroidManifest.xml
	android:targetSdkVersion
		INJECTED from src\main\AndroidManifest.xml
		ADDED from src\main\AndroidManifest.xml
		INJECTED from src\main\AndroidManifest.xml
	android:minSdkVersion
		INJECTED from src\main\AndroidManifest.xml
		ADDED from src\main\AndroidManifest.xml
		INJECTED from src\main\AndroidManifest.xml